0:0:0:0:0:0:0:1 - - [04/Jun/2019:09:24:52 +0200] "GET / HTTP/1.1" 200 137
0:0:0:0:0:0:0:1 - - [04/Jun/2019:09:24:54 +0200] "GET /albums HTTP/1.1" 200 1661
0:0:0:0:0:0:0:1 - - [04/Jun/2019:09:24:54 +0200] "GET /css/main.css HTTP/1.1" 200 88
0:0:0:0:0:0:0:1 - - [04/Jun/2019:09:24:54 +0200] "GET /css/bootstrap.min.css HTTP/1.1" 200 121200
0:0:0:0:0:0:0:1 - - [04/Jun/2019:09:24:59 +0200] "GET /albums/new? HTTP/1.1" 200 2139
0:0:0:0:0:0:0:1 - - [04/Jun/2019:09:26:49 +0200] "GET /albums HTTP/1.1" 200 1661
0:0:0:0:0:0:0:1 - - [04/Jun/2019:09:26:50 +0200] "GET /albums/new? HTTP/1.1" 200 2139
0:0:0:0:0:0:0:1 - - [04/Jun/2019:09:34:20 +0200] "GET /employees HTTP/1.1" 404 307
0:0:0:0:0:0:0:1 - - [04/Jun/2019:09:34:34 +0200] "GET /albums HTTP/1.1" 200 1661
0:0:0:0:0:0:0:1 - - [04/Jun/2019:09:35:29 +0200] "GET /albums/12/songs HTTP/1.1" 200 1844
0:0:0:0:0:0:0:1 - - [04/Jun/2019:09:35:35 +0200] "GET /albums/new? HTTP/1.1" 500 8886
0:0:0:0:0:0:0:1 - - [04/Jun/2019:09:35:42 +0200] "GET /albums/new? HTTP/1.1" 500 8886
0:0:0:0:0:0:0:1 - - [04/Jun/2019:09:36:59 +0200] "GET /albums HTTP/1.1" 200 1661
0:0:0:0:0:0:0:1 - - [04/Jun/2019:09:37:01 +0200] "GET /albums/new? HTTP/1.1" 500 9920
0:0:0:0:0:0:0:1 - - [04/Jun/2019:09:37:07 +0200] "GET /albums/new? HTTP/1.1" 500 9920
0:0:0:0:0:0:0:1 - - [04/Jun/2019:09:38:22 +0200] "GET /albums HTTP/1.1" 200 1661
0:0:0:0:0:0:0:1 - - [04/Jun/2019:09:38:23 +0200] "GET /albums/new? HTTP/1.1" 200 2139
0:0:0:0:0:0:0:1 - - [04/Jun/2019:09:40:11 +0200] "GET /albums HTTP/1.1" 200 1661
0:0:0:0:0:0:0:1 - - [04/Jun/2019:09:40:14 +0200] "GET /albums/12/songs HTTP/1.1" 200 1844
0:0:0:0:0:0:0:1 - - [04/Jun/2019:09:49:30 +0200] "GET /albums/12/songs HTTP/1.1" 200 1844
0:0:0:0:0:0:0:1 - - [04/Jun/2019:09:49:42 +0200] "GET /albums HTTP/1.1" 200 1661
0:0:0:0:0:0:0:1 - - [04/Jun/2019:09:49:44 +0200] "GET /albums/new? HTTP/1.1" 500 11633
0:0:0:0:0:0:0:1 - - [04/Jun/2019:09:50:27 +0200] "GET /albums/new? HTTP/1.1" 500 11633
0:0:0:0:0:0:0:1 - - [04/Jun/2019:09:54:11 +0200] "GET /albums/new? HTTP/1.1" 500 11633
0:0:0:0:0:0:0:1 - - [04/Jun/2019:10:02:37 +0200] "GET /albums HTTP/1.1" 200 1661
0:0:0:0:0:0:0:1 - - [04/Jun/2019:10:02:41 +0200] "GET /albums/new? HTTP/1.1" 500 6783
0:0:0:0:0:0:0:1 - - [04/Jun/2019:10:03:50 +0200] "GET /albums HTTP/1.1" 200 1661
0:0:0:0:0:0:0:1 - - [04/Jun/2019:10:03:52 +0200] "GET /albums/new? HTTP/1.1" 200 1386
0:0:0:0:0:0:0:1 - - [04/Jun/2019:10:04:08 +0200] "GET /albums/new? HTTP/1.1" 200 1386
0:0:0:0:0:0:0:1 - - [04/Jun/2019:10:17:33 +0200] "GET /albums HTTP/1.1" 200 1661
0:0:0:0:0:0:0:1 - - [04/Jun/2019:10:17:36 +0200] "GET /albums/new? HTTP/1.1" 200 1400
0:0:0:0:0:0:0:1 - - [04/Jun/2019:10:17:45 +0200] "GET /albums HTTP/1.1" 200 1661
0:0:0:0:0:0:0:1 - - [04/Jun/2019:10:23:21 +0200] "GET /albums HTTP/1.1" 200 1661
0:0:0:0:0:0:0:1 - - [04/Jun/2019:10:23:27 +0200] "GET /albums/new? HTTP/1.1" 200 1400
0:0:0:0:0:0:0:1 - - [04/Jun/2019:10:23:53 +0200] "POST /albums/new? HTTP/1.1" 200 1428
0:0:0:0:0:0:0:1 - - [04/Jun/2019:10:24:05 +0200] "GET /albums HTTP/1.1" 200 1834
0:0:0:0:0:0:0:1 - - [04/Jun/2019:10:24:18 +0200] "GET /albums/22/songs HTTP/1.1" 200 1872
0:0:0:0:0:0:0:1 - - [04/Jun/2019:10:24:25 +0200] "GET /albums/27/songs HTTP/1.1" 200 1129
0:0:0:0:0:0:0:1 - - [04/Jun/2019:10:33:17 +0200] "GET /albums HTTP/1.1" 200 1661
0:0:0:0:0:0:0:1 - - [04/Jun/2019:10:33:21 +0200] "GET /albums/new? HTTP/1.1" 500 8886
0:0:0:0:0:0:0:1 - - [04/Jun/2019:10:34:44 +0200] "GET /albums/new? HTTP/1.1" 200 1400
0:0:0:0:0:0:0:1 - - [04/Jun/2019:10:34:55 +0200] "POST /albums/new? HTTP/1.1" 500 5441
0:0:0:0:0:0:0:1 - - [04/Jun/2019:10:36:07 +0200] "GET /albums HTTP/1.1" 200 1661
0:0:0:0:0:0:0:1 - - [04/Jun/2019:10:36:09 +0200] "GET /albums/new? HTTP/1.1" 200 1400
0:0:0:0:0:0:0:1 - - [04/Jun/2019:10:36:20 +0200] "POST /albums/new? HTTP/1.1" 200 1413
0:0:0:0:0:0:0:1 - - [04/Jun/2019:10:36:22 +0200] "GET /albums/new? HTTP/1.1" 200 1400
0:0:0:0:0:0:0:1 - - [04/Jun/2019:10:36:29 +0200] "POST /albums/new? HTTP/1.1" 200 1413
0:0:0:0:0:0:0:1 - - [04/Jun/2019:10:36:35 +0200] "GET /albums HTTP/1.1" 200 1983
0:0:0:0:0:0:0:1 - - [04/Jun/2019:10:36:45 +0200] "GET /albums/new? HTTP/1.1" 200 1400
0:0:0:0:0:0:0:1 - - [04/Jun/2019:10:36:55 +0200] "POST /albums/new? HTTP/1.1" 200 1415
0:0:0:0:0:0:0:1 - - [04/Jun/2019:10:36:56 +0200] "GET /albums HTTP/1.1" 200 2146
0:0:0:0:0:0:0:1 - - [04/Jun/2019:10:38:46 +0200] "GET /albums HTTP/1.1" 200 1661
0:0:0:0:0:0:0:1 - - [04/Jun/2019:10:38:48 +0200] "GET /albums/new? HTTP/1.1" 200 1400
0:0:0:0:0:0:0:1 - - [04/Jun/2019:10:38:55 +0200] "POST /albums/new? HTTP/1.1" 302 -
0:0:0:0:0:0:0:1 - - [04/Jun/2019:10:38:55 +0200] "GET /albums HTTP/1.1" 200 1821
0:0:0:0:0:0:0:1 - - [04/Jun/2019:10:39:04 +0200] "GET /albums/27/songs HTTP/1.1" 200 1129
0:0:0:0:0:0:0:1 - - [04/Jun/2019:10:39:08 +0200] "GET /albums HTTP/1.1" 200 1821
0:0:0:0:0:0:0:1 - - [04/Jun/2019:10:39:10 +0200] "GET /albums/22/songs HTTP/1.1" 200 1872
0:0:0:0:0:0:0:1 - - [04/Jun/2019:10:39:19 +0200] "GET /albums/22/songs/new? HTTP/1.1" 404 307
0:0:0:0:0:0:0:1 - - [04/Jun/2019:10:39:23 +0200] "GET /albums HTTP/1.1" 200 1821
0:0:0:0:0:0:0:1 - - [04/Jun/2019:10:44:12 +0200] "GET /albums HTTP/1.1" 200 1661
0:0:0:0:0:0:0:1 - - [04/Jun/2019:10:44:15 +0200] "GET /albums/new? HTTP/1.1" 200 1400
0:0:0:0:0:0:0:1 - - [04/Jun/2019:10:44:25 +0200] "POST /albums/new? HTTP/1.1" 302 -
0:0:0:0:0:0:0:1 - - [04/Jun/2019:10:44:25 +0200] "GET /albums HTTP/1.1" 200 1821
0:0:0:0:0:0:0:1 - - [04/Jun/2019:10:44:28 +0200] "GET /albums/22/songs HTTP/1.1" 200 1870
0:0:0:0:0:0:0:1 - - [04/Jun/2019:10:44:30 +0200] "GET /albums HTTP/1.1" 200 1821
0:0:0:0:0:0:0:1 - - [04/Jun/2019:10:44:33 +0200] "GET /albums/27/songs HTTP/1.1" 200 1127
0:0:0:0:0:0:0:1 - - [04/Jun/2019:10:44:37 +0200] "GET /albums HTTP/1.1" 200 1821
0:0:0:0:0:0:0:1 - - [04/Jun/2019:12:37:38 +0200] "GET / HTTP/1.1" 200 137
0:0:0:0:0:0:0:1 - - [04/Jun/2019:12:37:39 +0200] "GET /albums HTTP/1.1" 200 1661
0:0:0:0:0:0:0:1 - - [04/Jun/2019:12:37:39 +0200] "GET /css/main.css HTTP/1.1" 200 88
0:0:0:0:0:0:0:1 - - [04/Jun/2019:12:37:39 +0200] "GET /css/bootstrap.min.css HTTP/1.1" 200 121200
0:0:0:0:0:0:0:1 - - [04/Jun/2019:12:37:41 +0200] "GET /albums/new? HTTP/1.1" 200 1400
0:0:0:0:0:0:0:1 - - [04/Jun/2019:12:37:43 +0200] "GET /albums HTTP/1.1" 200 1661
0:0:0:0:0:0:0:1 - - [04/Jun/2019:12:37:47 +0200] "GET /albums/22/songs HTTP/1.1" 200 1870
0:0:0:0:0:0:0:1 - - [04/Jun/2019:12:37:59 +0200] "GET /albums/22/songs/new? HTTP/1.1" 404 307
0:0:0:0:0:0:0:1 - - [04/Jun/2019:13:21:40 +0200] "GET /albums HTTP/1.1" 200 1661
0:0:0:0:0:0:0:1 - - [04/Jun/2019:13:21:43 +0200] "GET /albums/22/songs HTTP/1.1" 200 1870
0:0:0:0:0:0:0:1 - - [04/Jun/2019:13:22:31 +0200] "GET /albums HTTP/1.1" 200 1661
0:0:0:0:0:0:0:1 - - [04/Jun/2019:13:22:34 +0200] "GET /albums/new? HTTP/1.1" 200 1400
0:0:0:0:0:0:0:1 - - [04/Jun/2019:13:22:49 +0200] "POST /albums/new? HTTP/1.1" 302 -
0:0:0:0:0:0:0:1 - - [04/Jun/2019:13:22:49 +0200] "GET /albums HTTP/1.1" 200 1821
0:0:0:0:0:0:0:1 - - [04/Jun/2019:13:22:52 +0200] "GET /albums/22/songs HTTP/1.1" 200 1870
0:0:0:0:0:0:0:1 - - [04/Jun/2019:13:22:55 +0200] "GET /albums/22/songs/new? HTTP/1.1" 200 286
0:0:0:0:0:0:0:1 - - [04/Jun/2019:13:23:01 +0200] "GET /albums HTTP/1.1" 200 1821
0:0:0:0:0:0:0:1 - - [04/Jun/2019:13:38:58 +0200] "GET /albums HTTP/1.1" 200 1821
0:0:0:0:0:0:0:1 - - [04/Jun/2019:13:39:00 +0200] "GET /albums HTTP/1.1" 200 1821
0:0:0:0:0:0:0:1 - - [04/Jun/2019:13:39:03 +0200] "GET /albums/22/songs HTTP/1.1" 200 1870
0:0:0:0:0:0:0:1 - - [04/Jun/2019:13:39:07 +0200] "GET /albums/22/songs/new? HTTP/1.1" 200 286
0:0:0:0:0:0:0:1 - - [04/Jun/2019:13:47:02 +0200] "GET /albums/22/songs HTTP/1.1" 200 1870
0:0:0:0:0:0:0:1 - - [04/Jun/2019:13:47:05 +0200] "GET /albums/22/songs/new? HTTP/1.1" 200 1422
0:0:0:0:0:0:0:1 - - [04/Jun/2019:13:59:09 +0200] "GET /albums HTTP/1.1" 200 1661
0:0:0:0:0:0:0:1 - - [04/Jun/2019:13:59:12 +0200] "GET /albums/22/songs HTTP/1.1" 200 1870
0:0:0:0:0:0:0:1 - - [04/Jun/2019:13:59:14 +0200] "GET /albums/22/songs/new? HTTP/1.1" 200 2074
0:0:0:0:0:0:0:1 - - [04/Jun/2019:14:04:42 +0200] "GET /albums HTTP/1.1" 200 1661
0:0:0:0:0:0:0:1 - - [04/Jun/2019:14:04:45 +0200] "GET /albums/22/songs HTTP/1.1" 200 1870
0:0:0:0:0:0:0:1 - - [04/Jun/2019:14:05:52 +0200] "GET /albums/22/songs HTTP/1.1" 200 1870
0:0:0:0:0:0:0:1 - - [04/Jun/2019:14:05:57 +0200] "GET /albums HTTP/1.1" 200 1661
0:0:0:0:0:0:0:1 - - [04/Jun/2019:14:05:59 +0200] "GET /albums/17/songs HTTP/1.1" 200 1876
0:0:0:0:0:0:0:1 - - [04/Jun/2019:14:06:01 +0200] "GET /albums/17/songs/new? HTTP/1.1" 200 2074
0:0:0:0:0:0:0:1 - - [04/Jun/2019:14:06:42 +0200] "GET /albums HTTP/1.1" 200 1661
0:0:0:0:0:0:0:1 - - [04/Jun/2019:14:06:45 +0200] "GET /albums/17/songs HTTP/1.1" 200 1876
0:0:0:0:0:0:0:1 - - [04/Jun/2019:14:06:47 +0200] "GET /albums/17/songs/new? HTTP/1.1" 500 9516
0:0:0:0:0:0:0:1 - - [04/Jun/2019:14:07:03 +0200] "GET /albums HTTP/1.1" 200 1661
0:0:0:0:0:0:0:1 - - [04/Jun/2019:14:07:05 +0200] "GET /albums/22/songs HTTP/1.1" 200 1870
0:0:0:0:0:0:0:1 - - [04/Jun/2019:14:07:07 +0200] "GET /albums/22/songs/new? HTTP/1.1" 500 9516
0:0:0:0:0:0:0:1 - - [04/Jun/2019:14:08:21 +0200] "GET /albums HTTP/1.1" 200 1661
0:0:0:0:0:0:0:1 - - [04/Jun/2019:14:08:26 +0200] "GET /albums/new? HTTP/1.1" 200 1400
0:0:0:0:0:0:0:1 - - [04/Jun/2019:14:08:30 +0200] "GET /albums HTTP/1.1" 200 1661
0:0:0:0:0:0:0:1 - - [04/Jun/2019:14:08:33 +0200] "GET /albums/22/songs HTTP/1.1" 200 1870
0:0:0:0:0:0:0:1 - - [04/Jun/2019:14:08:35 +0200] "GET /albums/22/songs/new? HTTP/1.1" 200 1857
0:0:0:0:0:0:0:1 - - [04/Jun/2019:14:11:42 +0200] "GET /albums HTTP/1.1" 200 1661
0:0:0:0:0:0:0:1 - - [04/Jun/2019:14:11:44 +0200] "GET /albums/new? HTTP/1.1" 200 1399
0:0:0:0:0:0:0:1 - - [04/Jun/2019:14:11:48 +0200] "GET /albums HTTP/1.1" 200 1661
0:0:0:0:0:0:0:1 - - [04/Jun/2019:14:11:50 +0200] "GET /albums/17/songs HTTP/1.1" 200 1876
0:0:0:0:0:0:0:1 - - [04/Jun/2019:14:11:52 +0200] "GET /albums/17/songs/new? HTTP/1.1" 200 1856
0:0:0:0:0:0:0:1 - - [04/Jun/2019:14:12:08 +0200] "GET /albums HTTP/1.1" 200 1661
0:0:0:0:0:0:0:1 - - [04/Jun/2019:14:12:22 +0200] "GET /albums HTTP/1.1" 200 1661
0:0:0:0:0:0:0:1 - - [04/Jun/2019:14:34:19 +0200] "GET /albums/22/songs HTTP/1.1" 200 1870
0:0:0:0:0:0:0:1 - - [04/Jun/2019:14:34:36 +0200] "GET /albums/22/songs/new? HTTP/1.1" 200 1856
0:0:0:0:0:0:0:1 - - [04/Jun/2019:14:36:22 +0200] "POST /albums/22/songs/new? HTTP/1.1" 405 5357
0:0:0:0:0:0:0:1 - - [04/Jun/2019:14:38:09 +0200] "POST /albums/22/songs/new? HTTP/1.1" 405 5357
0:0:0:0:0:0:0:1 - - [04/Jun/2019:14:38:15 +0200] "GET /albums HTTP/1.1" 200 1661
0:0:0:0:0:0:0:1 - - [04/Jun/2019:14:38:18 +0200] "GET /albums/22/songs HTTP/1.1" 200 1870
0:0:0:0:0:0:0:1 - - [04/Jun/2019:14:38:22 +0200] "GET /albums/22/songs/new? HTTP/1.1" 200 1890
0:0:0:0:0:0:0:1 - - [04/Jun/2019:14:38:23 +0200] "POST /albums/22/songs/new/add HTTP/1.1" 404 307
0:0:0:0:0:0:0:1 - - [04/Jun/2019:14:47:09 +0200] "GET /albums HTTP/1.1" 200 1661
0:0:0:0:0:0:0:1 - - [04/Jun/2019:14:47:13 +0200] "GET /albums/22/songs HTTP/1.1" 200 1870
0:0:0:0:0:0:0:1 - - [04/Jun/2019:14:47:14 +0200] "GET /albums/22/songs/new? HTTP/1.1" 200 1890
0:0:0:0:0:0:0:1 - - [04/Jun/2019:14:47:17 +0200] "POST /albums/22/songs/new/add HTTP/1.1" 302 -
0:0:0:0:0:0:0:1 - - [04/Jun/2019:14:47:17 +0200] "GET /songList HTTP/1.1" 404 307
0:0:0:0:0:0:0:1 - - [04/Jun/2019:14:47:49 +0200] "GET /albums/22/songs HTTP/1.1" 200 1870
0:0:0:0:0:0:0:1 - - [04/Jun/2019:14:49:13 +0200] "GET /albums HTTP/1.1" 200 1661
0:0:0:0:0:0:0:1 - - [04/Jun/2019:14:49:16 +0200] "GET /albums/17/songs HTTP/1.1" 200 1876
0:0:0:0:0:0:0:1 - - [04/Jun/2019:14:49:17 +0200] "GET /albums/17/songs/new? HTTP/1.1" 200 1890
0:0:0:0:0:0:0:1 - - [04/Jun/2019:14:49:19 +0200] "POST /albums/17/songs/new/add HTTP/1.1" 302 -
0:0:0:0:0:0:0:1 - - [04/Jun/2019:14:49:19 +0200] "GET /albums/17/songs HTTP/1.1" 200 1876
0:0:0:0:0:0:0:1 - - [04/Jun/2019:14:49:22 +0200] "GET /albums HTTP/1.1" 200 1661
0:0:0:0:0:0:0:1 - - [04/Jun/2019:17:31:50 +0200] "GET / HTTP/1.1" 200 137
0:0:0:0:0:0:0:1 - - [04/Jun/2019:17:31:51 +0200] "GET /albums HTTP/1.1" 200 1661
0:0:0:0:0:0:0:1 - - [04/Jun/2019:17:31:51 +0200] "GET /css/main.css HTTP/1.1" 200 88
0:0:0:0:0:0:0:1 - - [04/Jun/2019:17:31:51 +0200] "GET /css/bootstrap.min.css HTTP/1.1" 200 121200
0:0:0:0:0:0:0:1 - - [04/Jun/2019:17:31:56 +0200] "GET /albums/22/songs HTTP/1.1" 200 1870
0:0:0:0:0:0:0:1 - - [04/Jun/2019:17:31:59 +0200] "GET /albums/22/songs/25/update HTTP/1.1" 404 307
0:0:0:0:0:0:0:1 - - [04/Jun/2019:17:32:03 +0200] "GET /albums/22/songs/new? HTTP/1.1" 200 1890
0:0:0:0:0:0:0:1 - - [04/Jun/2019:17:32:13 +0200] "GET /albums HTTP/1.1" 200 1661
0:0:0:0:0:0:0:1 - - [04/Jun/2019:17:44:06 +0200] "GET /albums HTTP/1.1" 200 1661
0:0:0:0:0:0:0:1 - - [04/Jun/2019:17:44:07 +0200] "GET /albums/new? HTTP/1.1" 200 1399
0:0:0:0:0:0:0:1 - - [04/Jun/2019:17:44:18 +0200] "POST /albums/new? HTTP/1.1" 302 -
0:0:0:0:0:0:0:1 - - [04/Jun/2019:17:44:18 +0200] "GET /albums HTTP/1.1" 200 1821
0:0:0:0:0:0:0:1 - - [04/Jun/2019:17:44:20 +0200] "GET /albums/22/songs HTTP/1.1" 200 1870
0:0:0:0:0:0:0:1 - - [04/Jun/2019:17:44:22 +0200] "GET /albums/22/songs/new? HTTP/1.1" 200 1890
0:0:0:0:0:0:0:1 - - [04/Jun/2019:17:44:47 +0200] "POST /albums/22/songs/new/add HTTP/1.1" 400 6501
0:0:0:0:0:0:0:1 - - [04/Jun/2019:17:47:37 +0200] "GET /albums HTTP/1.1" 200 1661
0:0:0:0:0:0:0:1 - - [04/Jun/2019:17:47:39 +0200] "GET /albums/22/songs HTTP/1.1" 200 1870
0:0:0:0:0:0:0:1 - - [04/Jun/2019:17:47:40 +0200] "GET /albums/22/songs/new? HTTP/1.1" 200 1890
0:0:0:0:0:0:0:1 - - [04/Jun/2019:17:47:57 +0200] "POST /albums/22/songs/new/add HTTP/1.1" 400 6501
0:0:0:0:0:0:0:1 - - [04/Jun/2019:17:48:16 +0200] "POST /albums/22/songs/new/add HTTP/1.1" 302 -
0:0:0:0:0:0:0:1 - - [04/Jun/2019:17:48:16 +0200] "GET /albums/22/songs HTTP/1.1" 200 1870
0:0:0:0:0:0:0:1 - - [04/Jun/2019:17:51:03 +0200] "GET /albums HTTP/1.1" 200 1661
0:0:0:0:0:0:0:1 - - [04/Jun/2019:17:51:06 +0200] "GET /albums/22/songs HTTP/1.1" 200 1870
0:0:0:0:0:0:0:1 - - [04/Jun/2019:17:51:09 +0200] "GET /albums/22/songs/new? HTTP/1.1" 200 1890
0:0:0:0:0:0:0:1 - - [04/Jun/2019:17:51:19 +0200] "POST /albums/22/songs/new/add HTTP/1.1" 302 -
0:0:0:0:0:0:0:1 - - [04/Jun/2019:17:51:19 +0200] "GET /albums/22/songs HTTP/1.1" 200 1870
0:0:0:0:0:0:0:1 - - [04/Jun/2019:17:55:54 +0200] "GET /albums HTTP/1.1" 200 1661
0:0:0:0:0:0:0:1 - - [04/Jun/2019:17:55:55 +0200] "GET /albums/22/songs HTTP/1.1" 200 1870
0:0:0:0:0:0:0:1 - - [04/Jun/2019:17:55:57 +0200] "GET /albums/22/songs/new? HTTP/1.1" 200 1890
0:0:0:0:0:0:0:1 - - [04/Jun/2019:17:56:08 +0200] "POST /albums/22/songs/new/add HTTP/1.1" 400 6495
0:0:0:0:0:0:0:1 - - [04/Jun/2019:17:56:16 +0200] "POST /albums/22/songs/new/add HTTP/1.1" 500 5740
0:0:0:0:0:0:0:1 - - [04/Jun/2019:17:56:19 +0200] "GET /albums HTTP/1.1" 200 1661
0:0:0:0:0:0:0:1 - - [04/Jun/2019:17:56:20 +0200] "GET /albums/22/songs HTTP/1.1" 200 1870
0:0:0:0:0:0:0:1 - - [04/Jun/2019:17:56:22 +0200] "GET /albums/22/songs/new? HTTP/1.1" 200 1890
0:0:0:0:0:0:0:1 - - [04/Jun/2019:17:56:29 +0200] "POST /albums/22/songs/new/add HTTP/1.1" 500 5740
0:0:0:0:0:0:0:1 - - [04/Jun/2019:17:57:18 +0200] "GET /albums HTTP/1.1" 200 1661
0:0:0:0:0:0:0:1 - - [04/Jun/2019:17:57:20 +0200] "GET /albums/22/songs HTTP/1.1" 200 1870
0:0:0:0:0:0:0:1 - - [04/Jun/2019:17:57:20 +0200] "GET /albums/22/songs/new? HTTP/1.1" 200 1890
0:0:0:0:0:0:0:1 - - [04/Jun/2019:17:57:26 +0200] "POST /albums/22/songs/new/add HTTP/1.1" 302 -
0:0:0:0:0:0:0:1 - - [04/Jun/2019:17:57:26 +0200] "GET /albums/22/songs HTTP/1.1" 200 1870
0:0:0:0:0:0:0:1 - - [04/Jun/2019:17:59:55 +0200] "GET /albums HTTP/1.1" 200 1661
0:0:0:0:0:0:0:1 - - [04/Jun/2019:17:59:56 +0200] "GET /albums/22/songs HTTP/1.1" 200 1870
0:0:0:0:0:0:0:1 - - [04/Jun/2019:17:59:57 +0200] "GET /albums/22/songs/new? HTTP/1.1" 200 1890
0:0:0:0:0:0:0:1 - - [04/Jun/2019:18:00:03 +0200] "POST /albums/22/songs/new/add HTTP/1.1" 302 -
0:0:0:0:0:0:0:1 - - [04/Jun/2019:18:00:04 +0200] "GET /albums/22/songs HTTP/1.1" 200 1870
0:0:0:0:0:0:0:1 - - [04/Jun/2019:18:05:04 +0200] "GET /albums HTTP/1.1" 200 1661
0:0:0:0:0:0:0:1 - - [04/Jun/2019:18:05:07 +0200] "GET /albums/22/songs HTTP/1.1" 200 1870
0:0:0:0:0:0:0:1 - - [04/Jun/2019:18:05:08 +0200] "GET /albums/22/songs/new? HTTP/1.1" 200 1890
0:0:0:0:0:0:0:1 - - [04/Jun/2019:18:05:14 +0200] "POST /albums/22/songs/new/add HTTP/1.1" 302 -
0:0:0:0:0:0:0:1 - - [04/Jun/2019:18:05:14 +0200] "GET /albums/22/songs HTTP/1.1" 200 2102
0:0:0:0:0:0:0:1 - - [04/Jun/2019:18:09:32 +0200] "GET /albums HTTP/1.1" 200 1661
0:0:0:0:0:0:0:1 - - [04/Jun/2019:18:09:33 +0200] "GET /albums/22/songs HTTP/1.1" 200 1870
0:0:0:0:0:0:0:1 - - [04/Jun/2019:18:09:35 +0200] "GET /albums/22/songs/new? HTTP/1.1" 200 1908
0:0:0:0:0:0:0:1 - - [04/Jun/2019:18:10:02 +0200] "POST /albums/22/songs/new/add HTTP/1.1" 302 -
0:0:0:0:0:0:0:1 - - [04/Jun/2019:18:10:02 +0200] "GET /albums/22/songs HTTP/1.1" 200 2105
0:0:0:0:0:0:0:1 - - [04/Jun/2019:18:12:49 +0200] "GET /albums HTTP/1.1" 200 1661
0:0:0:0:0:0:0:1 - - [04/Jun/2019:18:12:50 +0200] "GET /albums/new? HTTP/1.1" 200 1399
0:0:0:0:0:0:0:1 - - [04/Jun/2019:18:12:54 +0200] "GET /albums/22/songs HTTP/1.1" 200 1870
0:0:0:0:0:0:0:1 - - [04/Jun/2019:18:12:56 +0200] "GET /albums/22/songs/new? HTTP/1.1" 500 9532
0:0:0:0:0:0:0:1 - - [04/Jun/2019:18:15:19 +0200] "GET /albums HTTP/1.1" 200 1661
0:0:0:0:0:0:0:1 - - [04/Jun/2019:18:15:20 +0200] "GET /albums/22/songs HTTP/1.1" 200 1870
0:0:0:0:0:0:0:1 - - [04/Jun/2019:18:15:22 +0200] "GET /albums/22/songs/new? HTTP/1.1" 200 2126
0:0:0:0:0:0:0:1 - - [04/Jun/2019:18:16:01 +0200] "POST /albums/22/songs/new/add HTTP/1.1" 302 -
0:0:0:0:0:0:0:1 - - [04/Jun/2019:18:16:01 +0200] "GET /albums/22/songs HTTP/1.1" 200 2099
