0:0:0:0:0:0:0:1 - - [03/Jun/2019:06:25:14 +0200] "GET / HTTP/1.1" 304 -
0:0:0:0:0:0:0:1 - - [03/Jun/2019:06:25:15 +0200] "GET /albums HTTP/1.1" 200 1424
0:0:0:0:0:0:0:1 - - [03/Jun/2019:06:25:18 +0200] "GET /albums/12/songs HTTP/1.1" 200 1137
0:0:0:0:0:0:0:1 - - [03/Jun/2019:06:50:23 +0200] "GET /albums HTTP/1.1" 200 1424
0:0:0:0:0:0:0:1 - - [03/Jun/2019:06:50:26 +0200] "GET /albums/12/songs HTTP/1.1" 200 1137
0:0:0:0:0:0:0:1 - - [03/Jun/2019:06:51:19 +0200] "GET /albums HTTP/1.1" 200 1424
0:0:0:0:0:0:0:1 - - [03/Jun/2019:06:51:23 +0200] "GET /albums HTTP/1.1" 200 1424
0:0:0:0:0:0:0:1 - - [03/Jun/2019:10:07:58 +0200] "GET / HTTP/1.1" 304 -
0:0:0:0:0:0:0:1 - - [03/Jun/2019:10:08:00 +0200] "GET /albums HTTP/1.1" 200 1424
0:0:0:0:0:0:0:1 - - [03/Jun/2019:10:08:11 +0200] "GET /albums/12/songs HTTP/1.1" 200 1137
0:0:0:0:0:0:0:1 - - [03/Jun/2019:16:55:03 +0200] "GET / HTTP/1.1" 304 -
0:0:0:0:0:0:0:1 - - [03/Jun/2019:16:55:04 +0200] "GET /albums HTTP/1.1" 200 1424
0:0:0:0:0:0:0:1 - - [03/Jun/2019:16:55:06 +0200] "GET /albums/12/songs HTTP/1.1" 200 1137
127.0.0.1 - - [03/Jun/2019:20:26:43 +0200] "GET /employees HTTP/1.1" 404 307
127.0.0.1 - - [03/Jun/2019:20:26:54 +0200] "GET /albums HTTP/1.1" 200 1424
127.0.0.1 - - [03/Jun/2019:20:26:56 +0200] "GET /albums/12/songs HTTP/1.1" 200 2065
127.0.0.1 - - [03/Jun/2019:20:27:01 +0200] "GET /albums/17/songs HTTP/1.1" 200 2054
127.0.0.1 - - [03/Jun/2019:20:27:05 +0200] "GET /albums/22/songs HTTP/1.1" 200 2071
127.0.0.1 - - [03/Jun/2019:20:38:43 +0200] "GET /employees HTTP/1.1" 404 307
127.0.0.1 - - [03/Jun/2019:20:38:53 +0200] "GET /albums HTTP/1.1" 200 1440
127.0.0.1 - - [03/Jun/2019:20:38:55 +0200] "GET /albums/12/songs HTTP/1.1" 200 2065
127.0.0.1 - - [03/Jun/2019:20:38:58 +0200] "GET /albums/17/songs HTTP/1.1" 200 2099
0:0:0:0:0:0:0:1 - - [03/Jun/2019:20:41:58 +0200] "GET / HTTP/1.1" 200 137
0:0:0:0:0:0:0:1 - - [03/Jun/2019:20:41:58 +0200] "GET /albums HTTP/1.1" 200 1440
0:0:0:0:0:0:0:1 - - [03/Jun/2019:20:41:58 +0200] "GET /css/bootstrap.min.css HTTP/1.1" 200 121200
0:0:0:0:0:0:0:1 - - [03/Jun/2019:20:41:58 +0200] "GET /css/main.css HTTP/1.1" 200 88
0:0:0:0:0:0:0:1 - - [03/Jun/2019:20:43:18 +0200] "GET /albums/12/songs HTTP/1.1" 200 2065
0:0:0:0:0:0:0:1 - - [03/Jun/2019:20:43:34 +0200] "GET /albums/17/songs HTTP/1.1" 200 2099
0:0:0:0:0:0:0:1 - - [03/Jun/2019:20:47:32 +0200] "GET /albums/17/songs HTTP/1.1" 200 2120
0:0:0:0:0:0:0:1 - - [03/Jun/2019:20:52:03 +0200] "GET /albums/17/songs/new? HTTP/1.1" 500 8886
0:0:0:0:0:0:0:1 - - [03/Jun/2019:20:54:43 +0200] "GET /albums/17/songs HTTP/1.1" 200 2120
0:0:0:0:0:0:0:1 - - [03/Jun/2019:20:54:46 +0200] "GET /albums HTTP/1.1" 500 10375
0:0:0:0:0:0:0:1 - - [03/Jun/2019:20:56:29 +0200] "GET /albums HTTP/1.1" 200 1440
0:0:0:0:0:0:0:1 - - [03/Jun/2019:20:56:30 +0200] "GET /albums HTTP/1.1" 200 1440
0:0:0:0:0:0:0:1 - - [03/Jun/2019:20:56:32 +0200] "GET /albums/12/songs HTTP/1.1" 200 2086
0:0:0:0:0:0:0:1 - - [03/Jun/2019:21:01:01 +0200] "GET /albums/12/songs HTTP/1.1" 200 2086
0:0:0:0:0:0:0:1 - - [03/Jun/2019:21:01:04 +0200] "GET /albums/12/songs/new? HTTP/1.1" 500 8886
0:0:0:0:0:0:0:1 - - [03/Jun/2019:21:07:55 +0200] "GET /albums/12/songs HTTP/1.1" 200 2086
0:0:0:0:0:0:0:1 - - [03/Jun/2019:21:07:57 +0200] "GET /albums/12/songs/new? HTTP/1.1" 500 8886
0:0:0:0:0:0:0:1 - - [03/Jun/2019:21:07:58 +0200] "GET /albums/12/songs/new? HTTP/1.1" 500 8886
0:0:0:0:0:0:0:1 - - [03/Jun/2019:21:08:02 +0200] "GET /albums HTTP/1.1" 200 1440
0:0:0:0:0:0:0:1 - - [03/Jun/2019:21:08:04 +0200] "GET /albums/12/songs HTTP/1.1" 200 2086
0:0:0:0:0:0:0:1 - - [03/Jun/2019:21:31:08 +0200] "GET /albums HTTP/1.1" 200 1446
0:0:0:0:0:0:0:1 - - [03/Jun/2019:21:31:11 +0200] "GET /albums/12/songs HTTP/1.1" 200 1854
0:0:0:0:0:0:0:1 - - [03/Jun/2019:21:31:29 +0200] "GET /albums/12/songs/new? HTTP/1.1" 500 8886
0:0:0:0:0:0:0:1 - - [03/Jun/2019:21:31:34 +0200] "GET /css/bootstrap.min.css.map HTTP/1.1" 404 157
0:0:0:0:0:0:0:1 - - [03/Jun/2019:21:40:58 +0200] "GET /albums/12/songs HTTP/1.1" 200 1854
0:0:0:0:0:0:0:1 - - [03/Jun/2019:21:40:58 +0200] "GET /css/bootstrap.min.css.map HTTP/1.1" 404 157
0:0:0:0:0:0:0:1 - - [03/Jun/2019:21:41:05 +0200] "GET /css/bootstrap.min.css.map HTTP/1.1" 404 157
0:0:0:0:0:0:0:1 - - [03/Jun/2019:21:41:12 +0200] "GET /albums/22/songs HTTP/1.1" 200 1882
0:0:0:0:0:0:0:1 - - [03/Jun/2019:21:41:12 +0200] "GET /css/bootstrap.min.css.map HTTP/1.1" 404 157
0:0:0:0:0:0:0:1 - - [03/Jun/2019:21:41:21 +0200] "GET /css/bootstrap.min.css.map HTTP/1.1" 404 157
0:0:0:0:0:0:0:1 - - [03/Jun/2019:21:42:04 +0200] "GET /albums HTTP/1.1" 200 1446
0:0:0:0:0:0:0:1 - - [03/Jun/2019:21:42:05 +0200] "GET /albums HTTP/1.1" 200 1446
0:0:0:0:0:0:0:1 - - [03/Jun/2019:21:43:03 +0200] "GET /albums HTTP/1.1" 200 1517
0:0:0:0:0:0:0:1 - - [03/Jun/2019:21:54:47 +0200] "GET /albums HTTP/1.1" 200 1671
0:0:0:0:0:0:0:1 - - [03/Jun/2019:21:54:49 +0200] "GET /albums/12/songs HTTP/1.1" 200 1854
0:0:0:0:0:0:0:1 - - [03/Jun/2019:21:54:52 +0200] "GET /albums/new? HTTP/1.1" 404 307
0:0:0:0:0:0:0:1 - - [03/Jun/2019:21:55:00 +0200] "GET /albums/new? HTTP/1.1" 404 307
0:0:0:0:0:0:0:1 - - [03/Jun/2019:21:56:41 +0200] "GET /albums HTTP/1.1" 200 1671
0:0:0:0:0:0:0:1 - - [03/Jun/2019:21:56:43 +0200] "GET /albums/12/songs HTTP/1.1" 200 1854
0:0:0:0:0:0:0:1 - - [03/Jun/2019:21:56:46 +0200] "GET /albums/new? HTTP/1.1" 200 143
0:0:0:0:0:0:0:1 - - [03/Jun/2019:21:57:51 +0200] "GET /albums HTTP/1.1" 200 1671
0:0:0:0:0:0:0:1 - - [03/Jun/2019:21:57:53 +0200] "GET /albums/new? HTTP/1.1" 200 143
0:0:0:0:0:0:0:1 - - [03/Jun/2019:21:58:26 +0200] "GET /albums HTTP/1.1" 200 1671
0:0:0:0:0:0:0:1 - - [03/Jun/2019:21:58:28 +0200] "GET /albums/new? HTTP/1.1" 200 291
0:0:0:0:0:0:0:1 - - [03/Jun/2019:21:58:33 +0200] "GET /albums/new? HTTP/1.1" 200 291
0:0:0:0:0:0:0:1 - - [03/Jun/2019:21:58:43 +0200] "GET /albums/new? HTTP/1.1" 200 291
0:0:0:0:0:0:0:1 - - [03/Jun/2019:22:05:20 +0200] "GET /albums HTTP/1.1" 200 1661
0:0:0:0:0:0:0:1 - - [03/Jun/2019:22:05:23 +0200] "GET /albums/new? HTTP/1.1" 200 2160
