0:0:0:0:0:0:0:1 - - [02/Jun/2019:15:31:24 +0200] "GET / HTTP/1.1" 304 -
0:0:0:0:0:0:0:1 - - [02/Jun/2019:15:31:25 +0200] "GET /employees HTTP/1.1" 200 1583
0:0:0:0:0:0:0:1 - - [02/Jun/2019:16:44:03 +0200] "GET /employees HTTP/1.1" 200 1583
0:0:0:0:0:0:0:1 - - [02/Jun/2019:16:45:55 +0200] "GET /employees HTTP/1.1" 200 1583
0:0:0:0:0:0:0:1 - - [02/Jun/2019:16:45:55 +0200] "GET /favicon.ico HTTP/1.1" 200 104943
0:0:0:0:0:0:0:1 - - [02/Jun/2019:16:45:58 +0200] "GET /employees HTTP/1.1" 200 1583
0:0:0:0:0:0:0:1 - - [02/Jun/2019:16:45:58 +0200] "GET /favicon.ico HTTP/1.1" 200 104943
0:0:0:0:0:0:0:1 - - [02/Jun/2019:17:48:19 +0200] "GET /employees HTTP/1.1" 200 1583
0:0:0:0:0:0:0:1 - - [02/Jun/2019:17:48:19 +0200] "GET /favicon.ico HTTP/1.1" 200 104943
0:0:0:0:0:0:0:1 - - [02/Jun/2019:17:48:23 +0200] "GET /employees HTTP/1.1" 200 1583
0:0:0:0:0:0:0:1 - - [02/Jun/2019:17:48:23 +0200] "GET /favicon.ico HTTP/1.1" 200 104943
0:0:0:0:0:0:0:1 - - [02/Jun/2019:17:48:28 +0200] "GET /employees HTTP/1.1" 200 1583
0:0:0:0:0:0:0:1 - - [02/Jun/2019:17:48:32 +0200] "GET /employees HTTP/1.1" 200 1583
0:0:0:0:0:0:0:1 - - [02/Jun/2019:17:50:50 +0200] "GET /employees HTTP/1.1" 200 1583
0:0:0:0:0:0:0:1 - - [02/Jun/2019:17:53:12 +0200] "GET /employees HTTP/1.1" 200 1583
0:0:0:0:0:0:0:1 - - [02/Jun/2019:17:53:20 +0200] "GET /albums HTTP/1.1" 404 307
0:0:0:0:0:0:0:1 - - [02/Jun/2019:17:53:33 +0200] "GET /employees HTTP/1.1" 200 1583
0:0:0:0:0:0:0:1 - - [02/Jun/2019:17:59:29 +0200] "GET /employees HTTP/1.1" 200 1583
0:0:0:0:0:0:0:1 - - [02/Jun/2019:17:59:29 +0200] "GET /favicon.ico HTTP/1.1" 200 104943
0:0:0:0:0:0:0:1 - - [02/Jun/2019:17:59:31 +0200] "GET /employees HTTP/1.1" 200 1583
0:0:0:0:0:0:0:1 - - [02/Jun/2019:17:59:31 +0200] "GET /favicon.ico HTTP/1.1" 200 104943
0:0:0:0:0:0:0:1 - - [02/Jun/2019:17:59:35 +0200] "GET /albums HTTP/1.1" 404 307
0:0:0:0:0:0:0:1 - - [02/Jun/2019:18:01:19 +0200] "GET /employees HTTP/1.1" 200 1583
0:0:0:0:0:0:0:1 - - [02/Jun/2019:18:01:27 +0200] "GET /employees/albums HTTP/1.1" 404 307
0:0:0:0:0:0:0:1 - - [02/Jun/2019:18:01:33 +0200] "GET /albums HTTP/1.1" 404 307
0:0:0:0:0:0:0:1 - - [02/Jun/2019:18:26:40 +0200] "GET /employees HTTP/1.1" 200 1583
0:0:0:0:0:0:0:1 - - [02/Jun/2019:18:27:16 +0200] "GET /albums HTTP/1.1" 404 307
0:0:0:0:0:0:0:1 - - [02/Jun/2019:18:28:50 +0200] "GET /employees HTTP/1.1" 200 1583
0:0:0:0:0:0:0:1 - - [02/Jun/2019:18:31:55 +0200] "GET /employees HTTP/1.1" 200 1583
0:0:0:0:0:0:0:1 - - [02/Jun/2019:18:31:59 +0200] "GET /albums HTTP/1.1" 404 307
0:0:0:0:0:0:0:1 - - [02/Jun/2019:18:34:57 +0200] "GET /employees HTTP/1.1" 200 1583
0:0:0:0:0:0:0:1 - - [02/Jun/2019:18:36:42 +0200] "GET /employees HTTP/1.1" 404 307
0:0:0:0:0:0:0:1 - - [02/Jun/2019:18:39:06 +0200] "GET /employees HTTP/1.1" 200 1583
0:0:0:0:0:0:0:1 - - [02/Jun/2019:18:39:10 +0200] "GET /albums HTTP/1.1" 404 307
0:0:0:0:0:0:0:1 - - [02/Jun/2019:18:39:14 +0200] "GET /employees HTTP/1.1" 200 1583
0:0:0:0:0:0:0:1 - - [02/Jun/2019:18:43:37 +0200] "GET /employees HTTP/1.1" 200 1583
0:0:0:0:0:0:0:1 - - [02/Jun/2019:18:43:37 +0200] "GET /favicon.ico HTTP/1.1" 200 104943
0:0:0:0:0:0:0:1 - - [02/Jun/2019:18:43:40 +0200] "GET /employees/1/entries HTTP/1.1" 200 1962
0:0:0:0:0:0:0:1 - - [02/Jun/2019:18:43:45 +0200] "GET /employees/5/entries HTTP/1.1" 200 1987
0:0:0:0:0:0:0:1 - - [02/Jun/2019:18:43:52 +0200] "GET /employees HTTP/1.1" 200 1583
0:0:0:0:0:0:0:1 - - [02/Jun/2019:18:48:27 +0200] "GET /employees HTTP/1.1" 404 307
0:0:0:0:0:0:0:1 - - [02/Jun/2019:18:48:27 +0200] "GET /favicon.ico HTTP/1.1" 200 104943
0:0:0:0:0:0:0:1 - - [02/Jun/2019:18:48:30 +0200] "GET /employees HTTP/1.1" 404 307
0:0:0:0:0:0:0:1 - - [02/Jun/2019:18:48:34 +0200] "GET /employees HTTP/1.1" 404 307
0:0:0:0:0:0:0:1 - - [02/Jun/2019:18:48:40 +0200] "GET /employees HTTP/1.1" 404 307
0:0:0:0:0:0:0:1 - - [02/Jun/2019:18:51:27 +0200] "GET /employees HTTP/1.1" 200 1137
0:0:0:0:0:0:0:1 - - [02/Jun/2019:18:51:27 +0200] "GET /favicon.ico HTTP/1.1" 200 104943
0:0:0:0:0:0:0:1 - - [02/Jun/2019:18:51:32 +0200] "GET /albums/12 HTTP/1.1" 404 307
0:0:0:0:0:0:0:1 - - [02/Jun/2019:18:53:57 +0200] "GET /employees HTTP/1.1" 404 307
0:0:0:0:0:0:0:1 - - [02/Jun/2019:18:53:57 +0200] "GET /favicon.ico HTTP/1.1" 200 104943
0:0:0:0:0:0:0:1 - - [02/Jun/2019:18:55:01 +0200] "GET /employees HTTP/1.1" 404 307
0:0:0:0:0:0:0:1 - - [02/Jun/2019:18:55:01 +0200] "GET /favicon.ico HTTP/1.1" 200 104943
0:0:0:0:0:0:0:1 - - [02/Jun/2019:18:55:05 +0200] "GET /employees HTTP/1.1" 404 307
0:0:0:0:0:0:0:1 - - [02/Jun/2019:18:58:33 +0200] "GET /employees HTTP/1.1" 404 307
0:0:0:0:0:0:0:1 - - [02/Jun/2019:19:02:09 +0200] "GET /employees HTTP/1.1" 200 1130
127.0.0.1 - - [02/Jun/2019:19:08:59 +0200] "GET / HTTP/1.1" 200 137
127.0.0.1 - - [02/Jun/2019:19:09:00 +0200] "GET /favicon.ico HTTP/1.1" 200 8192
127.0.0.1 - - [02/Jun/2019:19:09:00 +0200] "GET /albums HTTP/1.1" 200 1130
127.0.0.1 - - [02/Jun/2019:19:09:00 +0200] "GET /css/bootstrap.min.css HTTP/1.1" 200 121200
127.0.0.1 - - [02/Jun/2019:19:09:01 +0200] "GET /css/main.css HTTP/1.1" 200 88
127.0.0.1 - - [02/Jun/2019:19:09:01 +0200] "GET /favicon.ico HTTP/1.1" 200 104943
0:0:0:0:0:0:0:1 - - [02/Jun/2019:19:09:10 +0200] "GET /employees HTTP/1.1" 404 307
0:0:0:0:0:0:0:1 - - [02/Jun/2019:19:09:28 +0200] "GET /employees HTTP/1.1" 404 307
127.0.0.1 - - [02/Jun/2019:19:10:26 +0200] "GET /albums HTTP/1.1" 200 1130
127.0.0.1 - - [02/Jun/2019:19:10:29 +0200] "GET /albums HTTP/1.1" 200 1130
127.0.0.1 - - [02/Jun/2019:19:10:57 +0200] "GET /albums HTTP/1.1" 200 1130
127.0.0.1 - - [02/Jun/2019:19:10:57 +0200] "GET /css/bootstrap.min.css HTTP/1.1" 304 -
127.0.0.1 - - [02/Jun/2019:19:10:57 +0200] "GET /css/main.css HTTP/1.1" 304 -
127.0.0.1 - - [02/Jun/2019:19:10:58 +0200] "GET /albums HTTP/1.1" 200 1130
127.0.0.1 - - [02/Jun/2019:19:10:58 +0200] "GET /css/main.css HTTP/1.1" 304 -
127.0.0.1 - - [02/Jun/2019:19:10:58 +0200] "GET /css/bootstrap.min.css HTTP/1.1" 304 -
127.0.0.1 - - [02/Jun/2019:19:10:59 +0200] "GET /albums HTTP/1.1" 200 1130
127.0.0.1 - - [02/Jun/2019:19:10:59 +0200] "GET /css/main.css HTTP/1.1" 304 -
127.0.0.1 - - [02/Jun/2019:19:10:59 +0200] "GET /css/bootstrap.min.css HTTP/1.1" 304 -
127.0.0.1 - - [02/Jun/2019:19:11:11 +0200] "GET / HTTP/1.1" 304 -
127.0.0.1 - - [02/Jun/2019:19:11:11 +0200] "GET /albums HTTP/1.1" 200 1130
0:0:0:0:0:0:0:1 - - [02/Jun/2019:19:12:51 +0200] "GET / HTTP/1.1" 200 137
0:0:0:0:0:0:0:1 - - [02/Jun/2019:19:12:51 +0200] "GET /albums HTTP/1.1" 200 1130
0:0:0:0:0:0:0:1 - - [02/Jun/2019:19:12:51 +0200] "GET /favicon.ico HTTP/1.1" 200 8192
0:0:0:0:0:0:0:1 - - [02/Jun/2019:19:12:51 +0200] "GET /css/main.css HTTP/1.1" 200 88
0:0:0:0:0:0:0:1 - - [02/Jun/2019:19:12:51 +0200] "GET /css/bootstrap.min.css HTTP/1.1" 200 121200
0:0:0:0:0:0:0:1 - - [02/Jun/2019:19:12:51 +0200] "GET /favicon.ico HTTP/1.1" 200 104943
127.0.0.1 - - [02/Jun/2019:19:26:00 +0200] "GET /albums HTTP/1.1" 200 1269
127.0.0.1 - - [02/Jun/2019:19:26:00 +0200] "GET /css/main.css HTTP/1.1" 304 -
127.0.0.1 - - [02/Jun/2019:19:26:00 +0200] "GET /css/bootstrap.min.css HTTP/1.1" 304 -
127.0.0.1 - - [02/Jun/2019:19:26:03 +0200] "GET /albums HTTP/1.1" 200 1269
127.0.0.1 - - [02/Jun/2019:19:26:03 +0200] "GET /css/main.css HTTP/1.1" 304 -
127.0.0.1 - - [02/Jun/2019:19:26:03 +0200] "GET /css/bootstrap.min.css HTTP/1.1" 304 -
127.0.0.1 - - [02/Jun/2019:19:28:57 +0200] "GET /albums HTTP/1.1" 200 1412
127.0.0.1 - - [02/Jun/2019:19:28:57 +0200] "GET /css/main.css HTTP/1.1" 304 -
127.0.0.1 - - [02/Jun/2019:19:28:57 +0200] "GET /css/bootstrap.min.css HTTP/1.1" 304 -
0:0:0:0:0:0:0:1 - - [02/Jun/2019:20:07:53 +0200] "GET /albums HTTP/1.1" 200 1412
0:0:0:0:0:0:0:1 - - [02/Jun/2019:20:07:53 +0200] "GET /css/main.css HTTP/1.1" 200 88
0:0:0:0:0:0:0:1 - - [02/Jun/2019:20:07:53 +0200] "GET /css/bootstrap.min.css HTTP/1.1" 200 121200
0:0:0:0:0:0:0:1 - - [02/Jun/2019:21:43:52 +0200] "GET /albums HTTP/1.1" 200 1430
0:0:0:0:0:0:0:1 - - [02/Jun/2019:21:43:52 +0200] "GET /favicon.ico HTTP/1.1" 200 104943
0:0:0:0:0:0:0:1 - - [02/Jun/2019:21:43:55 +0200] "GET /albums/12/songs HTTP/1.1" 500 10381
0:0:0:0:0:0:0:1 - - [02/Jun/2019:21:44:26 +0200] "GET / HTTP/1.1" 200 137
0:0:0:0:0:0:0:1 - - [02/Jun/2019:21:44:27 +0200] "GET /albums HTTP/1.1" 200 1430
0:0:0:0:0:0:0:1 - - [02/Jun/2019:21:44:37 +0200] "GET /css/bootstrap.min.css.map HTTP/1.1" 404 157
0:0:0:0:0:0:0:1 - - [02/Jun/2019:21:45:17 +0200] "GET /albums HTTP/1.1" 200 1430
0:0:0:0:0:0:0:1 - - [02/Jun/2019:21:45:17 +0200] "GET /css/main.css HTTP/1.1" 200 88
0:0:0:0:0:0:0:1 - - [02/Jun/2019:21:45:17 +0200] "GET /css/bootstrap.min.css HTTP/1.1" 200 121200
0:0:0:0:0:0:0:1 - - [02/Jun/2019:21:45:19 +0200] "GET /albums/12/songs HTTP/1.1" 500 10381
0:0:0:0:0:0:0:1 - - [02/Jun/2019:21:47:25 +0200] "GET / HTTP/1.1" 200 137
0:0:0:0:0:0:0:1 - - [02/Jun/2019:21:47:26 +0200] "GET /albums HTTP/1.1" 200 1430
0:0:0:0:0:0:0:1 - - [02/Jun/2019:21:47:29 +0200] "GET /albums/13/songs HTTP/1.1" 500 10381
0:0:0:0:0:0:0:1 - - [02/Jun/2019:21:47:52 +0200] "GET /css/bootstrap.min.css.map HTTP/1.1" 404 157
0:0:0:0:0:0:0:1 - - [02/Jun/2019:21:47:57 +0200] "GET /albums/12/songs HTTP/1.1" 500 10381
0:0:0:0:0:0:0:1 - - [02/Jun/2019:21:53:35 +0200] "GET /albums HTTP/1.1" 200 1430
0:0:0:0:0:0:0:1 - - [02/Jun/2019:21:53:35 +0200] "GET /css/bootstrap.min.css.map HTTP/1.1" 404 157
0:0:0:0:0:0:0:1 - - [02/Jun/2019:21:53:37 +0200] "GET /albums/12/songs HTTP/1.1" 500 10375
0:0:0:0:0:0:0:1 - - [02/Jun/2019:22:00:43 +0200] "GET /albums HTTP/1.1" 200 1424
0:0:0:0:0:0:0:1 - - [02/Jun/2019:22:00:43 +0200] "GET /css/bootstrap.min.css.map HTTP/1.1" 404 157
0:0:0:0:0:0:0:1 - - [02/Jun/2019:22:00:44 +0200] "GET /albums/12/songs HTTP/1.1" 500 10375
0:0:0:0:0:0:0:1 - - [02/Jun/2019:22:04:27 +0200] "GET / HTTP/1.1" 304 -
0:0:0:0:0:0:0:1 - - [02/Jun/2019:22:04:28 +0200] "GET /albums HTTP/1.1" 200 1424
0:0:0:0:0:0:0:1 - - [02/Jun/2019:22:04:28 +0200] "GET /css/bootstrap.min.css.map HTTP/1.1" 404 157
0:0:0:0:0:0:0:1 - - [02/Jun/2019:22:04:30 +0200] "GET /albums/12/songs HTTP/1.1" 200 1137
0:0:0:0:0:0:0:1 - - [02/Jun/2019:22:04:30 +0200] "GET /css/bootstrap.min.css.map HTTP/1.1" 404 157
0:0:0:0:0:0:0:1 - - [02/Jun/2019:22:06:29 +0200] "GET /albums/12/songs HTTP/1.1" 200 1137
0:0:0:0:0:0:0:1 - - [02/Jun/2019:22:06:29 +0200] "GET /favicon.ico HTTP/1.1" 200 104943
0:0:0:0:0:0:0:1 - - [02/Jun/2019:22:06:30 +0200] "GET /css/bootstrap.min.css.map HTTP/1.1" 404 157
0:0:0:0:0:0:0:1 - - [02/Jun/2019:22:06:34 +0200] "GET /albums HTTP/1.1" 200 1424
0:0:0:0:0:0:0:1 - - [02/Jun/2019:22:06:34 +0200] "GET /css/bootstrap.min.css.map HTTP/1.1" 404 157
0:0:0:0:0:0:0:1 - - [02/Jun/2019:22:06:36 +0200] "GET /albums/12/songs HTTP/1.1" 200 1137
0:0:0:0:0:0:0:1 - - [02/Jun/2019:22:06:36 +0200] "GET /css/bootstrap.min.css.map HTTP/1.1" 404 157
0:0:0:0:0:0:0:1 - - [02/Jun/2019:22:09:00 +0200] "GET /albums HTTP/1.1" 200 1424
0:0:0:0:0:0:0:1 - - [02/Jun/2019:22:09:00 +0200] "GET /css/bootstrap.min.css.map HTTP/1.1" 404 157
0:0:0:0:0:0:0:1 - - [02/Jun/2019:22:09:01 +0200] "GET /albums/12/songs HTTP/1.1" 200 1137
0:0:0:0:0:0:0:1 - - [02/Jun/2019:22:09:02 +0200] "GET /css/bootstrap.min.css.map HTTP/1.1" 404 157
0:0:0:0:0:0:0:1 - - [02/Jun/2019:22:10:36 +0200] "GET /albums HTTP/1.1" 200 1424
0:0:0:0:0:0:0:1 - - [02/Jun/2019:22:10:36 +0200] "GET /css/bootstrap.min.css.map HTTP/1.1" 404 157
0:0:0:0:0:0:0:1 - - [02/Jun/2019:22:10:37 +0200] "GET /albums/12/songs HTTP/1.1" 200 1137
0:0:0:0:0:0:0:1 - - [02/Jun/2019:22:10:38 +0200] "GET /css/bootstrap.min.css.map HTTP/1.1" 404 157
0:0:0:0:0:0:0:1 - - [02/Jun/2019:22:13:36 +0200] "GET /albums HTTP/1.1" 200 1424
0:0:0:0:0:0:0:1 - - [02/Jun/2019:22:13:36 +0200] "GET /css/bootstrap.min.css.map HTTP/1.1" 404 157
0:0:0:0:0:0:0:1 - - [02/Jun/2019:22:13:37 +0200] "GET /albums/12/songs HTTP/1.1" 200 1137
0:0:0:0:0:0:0:1 - - [02/Jun/2019:22:13:37 +0200] "GET /css/bootstrap.min.css.map HTTP/1.1" 404 157
0:0:0:0:0:0:0:1 - - [02/Jun/2019:22:18:00 +0200] "GET /albums HTTP/1.1" 200 1424
0:0:0:0:0:0:0:1 - - [02/Jun/2019:22:18:00 +0200] "GET /css/bootstrap.min.css.map HTTP/1.1" 404 157
0:0:0:0:0:0:0:1 - - [02/Jun/2019:22:18:01 +0200] "GET /albums/12/songs HTTP/1.1" 200 1137
0:0:0:0:0:0:0:1 - - [02/Jun/2019:22:18:01 +0200] "GET /css/bootstrap.min.css.map HTTP/1.1" 404 157
0:0:0:0:0:0:0:1 - - [02/Jun/2019:22:18:06 +0200] "GET /albums/12/songs/new? HTTP/1.1" 500 8886
0:0:0:0:0:0:0:1 - - [02/Jun/2019:22:18:07 +0200] "GET /css/bootstrap.min.css.map HTTP/1.1" 404 157
0:0:0:0:0:0:0:1 - - [02/Jun/2019:22:19:48 +0200] "GET /albums HTTP/1.1" 200 1424
0:0:0:0:0:0:0:1 - - [02/Jun/2019:22:19:49 +0200] "GET /css/bootstrap.min.css.map HTTP/1.1" 404 157
0:0:0:0:0:0:0:1 - - [02/Jun/2019:22:19:50 +0200] "GET /albums/12/songs HTTP/1.1" 200 1137
0:0:0:0:0:0:0:1 - - [02/Jun/2019:22:19:50 +0200] "GET /css/bootstrap.min.css.map HTTP/1.1" 404 157
0:0:0:0:0:0:0:1 - - [02/Jun/2019:22:22:09 +0200] "GET /albums HTTP/1.1" 200 1424
0:0:0:0:0:0:0:1 - - [02/Jun/2019:22:22:09 +0200] "GET /css/bootstrap.min.css.map HTTP/1.1" 404 157
0:0:0:0:0:0:0:1 - - [02/Jun/2019:22:22:10 +0200] "GET /albums/13/songs HTTP/1.1" 200 1137
0:0:0:0:0:0:0:1 - - [02/Jun/2019:22:22:11 +0200] "GET /css/bootstrap.min.css.map HTTP/1.1" 404 157
0:0:0:0:0:0:0:1 - - [02/Jun/2019:22:30:20 +0200] "GET / HTTP/1.1" 200 137
0:0:0:0:0:0:0:1 - - [02/Jun/2019:22:30:21 +0200] "GET /albums HTTP/1.1" 200 1424
0:0:0:0:0:0:0:1 - - [02/Jun/2019:22:30:21 +0200] "GET /css/bootstrap.min.css HTTP/1.1" 200 121200
0:0:0:0:0:0:0:1 - - [02/Jun/2019:22:30:21 +0200] "GET /css/main.css HTTP/1.1" 200 88
0:0:0:0:0:0:0:1 - - [02/Jun/2019:22:30:22 +0200] "GET /css/bootstrap.min.css.map HTTP/1.1" 404 157
0:0:0:0:0:0:0:1 - - [02/Jun/2019:22:30:23 +0200] "GET /albums/12/songs HTTP/1.1" 200 1137
0:0:0:0:0:0:0:1 - - [02/Jun/2019:22:30:23 +0200] "GET /css/bootstrap.min.css.map HTTP/1.1" 404 157
0:0:0:0:0:0:0:1 - - [02/Jun/2019:22:36:03 +0200] "GET /albums HTTP/1.1" 200 1424
0:0:0:0:0:0:0:1 - - [02/Jun/2019:22:36:03 +0200] "GET /css/bootstrap.min.css.map HTTP/1.1" 404 157
0:0:0:0:0:0:0:1 - - [02/Jun/2019:22:36:04 +0200] "GET /albums/12/songs HTTP/1.1" 200 1179
0:0:0:0:0:0:0:1 - - [02/Jun/2019:22:36:04 +0200] "GET /css/bootstrap.min.css.map HTTP/1.1" 404 157
0:0:0:0:0:0:0:1 - - [02/Jun/2019:22:37:07 +0200] "GET /albums HTTP/1.1" 200 1424
0:0:0:0:0:0:0:1 - - [02/Jun/2019:22:37:08 +0200] "GET /css/bootstrap.min.css.map HTTP/1.1" 404 157
0:0:0:0:0:0:0:1 - - [02/Jun/2019:22:37:09 +0200] "GET /albums/12/songs HTTP/1.1" 200 1137
0:0:0:0:0:0:0:1 - - [02/Jun/2019:22:37:09 +0200] "GET /css/bootstrap.min.css.map HTTP/1.1" 404 157
0:0:0:0:0:0:0:1 - - [02/Jun/2019:22:40:07 +0200] "GET /albums HTTP/1.1" 200 1424
0:0:0:0:0:0:0:1 - - [02/Jun/2019:22:40:07 +0200] "GET /css/bootstrap.min.css.map HTTP/1.1" 404 157
0:0:0:0:0:0:0:1 - - [02/Jun/2019:22:40:08 +0200] "GET /albums/12/songs HTTP/1.1" 200 1137
0:0:0:0:0:0:0:1 - - [02/Jun/2019:22:40:09 +0200] "GET /css/bootstrap.min.css.map HTTP/1.1" 404 157
0:0:0:0:0:0:0:1 - - [02/Jun/2019:22:45:16 +0200] "GET /albums HTTP/1.1" 200 1424
0:0:0:0:0:0:0:1 - - [02/Jun/2019:22:45:16 +0200] "GET /css/bootstrap.min.css.map HTTP/1.1" 404 157
0:0:0:0:0:0:0:1 - - [02/Jun/2019:22:45:18 +0200] "GET /albums/12/songs HTTP/1.1" 200 1137
0:0:0:0:0:0:0:1 - - [02/Jun/2019:22:45:18 +0200] "GET /css/bootstrap.min.css.map HTTP/1.1" 404 157
0:0:0:0:0:0:0:1 - - [02/Jun/2019:22:55:13 +0200] "GET / HTTP/1.1" 304 -
127.0.0.1 - - [02/Jun/2019:22:55:17 +0200] "GET / HTTP/1.1" 304 -
127.0.0.1 - - [02/Jun/2019:22:55:17 +0200] "GET /favicon.ico HTTP/1.1" 200 8192
127.0.0.1 - - [02/Jun/2019:22:55:18 +0200] "GET /albums HTTP/1.1" 200 1424
127.0.0.1 - - [02/Jun/2019:22:55:18 +0200] "GET /css/main.css HTTP/1.1" 200 88
127.0.0.1 - - [02/Jun/2019:22:55:18 +0200] "GET /css/bootstrap.min.css HTTP/1.1" 200 121200
127.0.0.1 - - [02/Jun/2019:22:55:20 +0200] "GET /albums/12/songs HTTP/1.1" 200 1137
127.0.0.1 - - [02/Jun/2019:23:05:30 +0200] "GET /albums HTTP/1.1" 200 1424
127.0.0.1 - - [02/Jun/2019:23:05:33 +0200] "GET /albums/12/songs HTTP/1.1" 200 1137
