0:0:0:0:0:0:0:1 - - [25/May/2019:11:35:09 +0200] "GET /employees HTTP/1.1" 200 1583
0:0:0:0:0:0:0:1 - - [25/May/2019:11:50:36 +0200] "GET /employees HTTP/1.1" 200 1583
0:0:0:0:0:0:0:1 - - [25/May/2019:11:50:40 +0200] "GET /employees/1/entries HTTP/1.1" 404 307
0:0:0:0:0:0:0:1 - - [25/May/2019:11:50:45 +0200] "GET /employees HTTP/1.1" 200 1583
0:0:0:0:0:0:0:1 - - [25/May/2019:11:53:27 +0200] "GET /employees HTTP/1.1" 200 1583
0:0:0:0:0:0:0:1 - - [25/May/2019:12:03:53 +0200] "GET /employees HTTP/1.1" 200 1583
0:0:0:0:0:0:0:1 - - [25/May/2019:12:03:57 +0200] "GET /employees/1/entries HTTP/1.1" 200 1962
0:0:0:0:0:0:0:1 - - [25/May/2019:12:04:01 +0200] "GET /employees/1/entries/new? HTTP/1.1" 404 307
0:0:0:0:0:0:0:1 - - [25/May/2019:12:04:04 +0200] "GET /employees/1/entries/new? HTTP/1.1" 404 307
0:0:0:0:0:0:0:1 - - [25/May/2019:12:04:07 +0200] "GET /employees/1/entries HTTP/1.1" 200 1962
0:0:0:0:0:0:0:1 - - [25/May/2019:12:04:10 +0200] "GET /employees HTTP/1.1" 200 1583
0:0:0:0:0:0:0:1 - - [25/May/2019:12:04:11 +0200] "GET /employees/1/entries HTTP/1.1" 200 1962
0:0:0:0:0:0:0:1 - - [25/May/2019:12:04:18 +0200] "GET /employees HTTP/1.1" 200 1583
0:0:0:0:0:0:0:1 - - [25/May/2019:12:04:21 +0200] "GET /employees/5/entries HTTP/1.1" 200 1987
0:0:0:0:0:0:0:1 - - [25/May/2019:12:04:36 +0200] "GET /employees HTTP/1.1" 200 1583
0:0:0:0:0:0:0:1 - - [25/May/2019:12:05:59 +0200] "GET /employees/1/entries HTTP/1.1" 200 1962
0:0:0:0:0:0:0:1 - - [25/May/2019:12:06:00 +0200] "GET /employees/1/entries/new? HTTP/1.1" 404 307
0:0:0:0:0:0:0:1 - - [25/May/2019:12:13:51 +0200] "GET /employees/1/entries HTTP/1.1" 200 1962
0:0:0:0:0:0:0:1 - - [25/May/2019:12:13:52 +0200] "GET /employees/1/entries HTTP/1.1" 200 1962
0:0:0:0:0:0:0:1 - - [25/May/2019:12:13:54 +0200] "GET /employees HTTP/1.1" 200 1583
0:0:0:0:0:0:0:1 - - [25/May/2019:12:13:55 +0200] "GET /employees/1/entries HTTP/1.1" 200 1962
0:0:0:0:0:0:0:1 - - [25/May/2019:12:13:57 +0200] "GET /employees/1/entries/new? HTTP/1.1" 200 1581
0:0:0:0:0:0:0:1 - - [25/May/2019:12:28:32 +0200] "GET /employees/1/entries/new? HTTP/1.1" 200 1581
0:0:0:0:0:0:0:1 - - [25/May/2019:12:28:39 +0200] "GET /employees/ HTTP/1.1" 200 1583
0:0:0:0:0:0:0:1 - - [25/May/2019:12:28:41 +0200] "GET /employees/1/entries HTTP/1.1" 200 1962
0:0:0:0:0:0:0:1 - - [25/May/2019:12:28:43 +0200] "GET /employees/1/entries/new? HTTP/1.1" 200 1581
0:0:0:0:0:0:0:1 - - [25/May/2019:12:28:54 +0200] "POST /employees/1/entries/new? HTTP/1.1" 302 -
0:0:0:0:0:0:0:1 - - [25/May/2019:12:28:54 +0200] "GET /employees/1/entries HTTP/1.1" 200 2227
0:0:0:0:0:0:0:1 - - [25/May/2019:12:28:59 +0200] "GET /employees/1/entries/12/update HTTP/1.1" 200 1602
0:0:0:0:0:0:0:1 - - [25/May/2019:12:29:06 +0200] "POST /employees/1/entries/12/update HTTP/1.1" 302 -
0:0:0:0:0:0:0:1 - - [25/May/2019:12:29:06 +0200] "GET /employees/1/entries HTTP/1.1" 200 2496
