0:0:0:0:0:0:0:1 - - [27/May/2019:13:40:13 +0200] "GET / HTTP/1.1" 200 140
0:0:0:0:0:0:0:1 - - [27/May/2019:13:40:14 +0200] "GET /favicon.ico HTTP/1.1" 200 104943
0:0:0:0:0:0:0:1 - - [27/May/2019:13:40:14 +0200] "GET /employees HTTP/1.1" 200 1583
0:0:0:0:0:0:0:1 - - [27/May/2019:13:40:17 +0200] "GET /employees/1/entries HTTP/1.1" 200 1962
0:0:0:0:0:0:0:1 - - [27/May/2019:13:40:20 +0200] "GET /employees/1/entries/3/update HTTP/1.1" 200 1594
0:0:0:0:0:0:0:1 - - [27/May/2019:13:40:30 +0200] "GET /employees HTTP/1.1" 200 1583
0:0:0:0:0:0:0:1 - - [27/May/2019:13:40:37 +0200] "GET /css/bootstrap.min.css.map HTTP/1.1" 404 157
0:0:0:0:0:0:0:1 - - [27/May/2019:13:40:54 +0200] "GET /employees/1/entries HTTP/1.1" 200 1962
0:0:0:0:0:0:0:1 - - [27/May/2019:13:40:54 +0200] "GET /css/bootstrap.min.css.map HTTP/1.1" 404 157
0:0:0:0:0:0:0:1 - - [27/May/2019:13:41:38 +0200] "GET /employees/1/entries/new? HTTP/1.1" 200 1581
0:0:0:0:0:0:0:1 - - [27/May/2019:13:41:38 +0200] "GET /css/bootstrap.min.css.map HTTP/1.1" 404 157
0:0:0:0:0:0:0:1 - - [27/May/2019:13:41:44 +0200] "GET /css/bootstrap.min.css.map HTTP/1.1" 404 157
0:0:0:0:0:0:0:1 - - [27/May/2019:13:41:45 +0200] "GET /css/bootstrap.min.css.map HTTP/1.1" 404 157
0:0:0:0:0:0:0:1 - - [27/May/2019:13:49:02 +0200] "GET /employees HTTP/1.1" 200 1583
0:0:0:0:0:0:0:1 - - [27/May/2019:13:49:31 +0200] "GET /employees/1/entries HTTP/1.1" 200 1962
0:0:0:0:0:0:0:1 - - [27/May/2019:13:49:31 +0200] "GET /css/bootstrap.min.css.map HTTP/1.1" 404 157
0:0:0:0:0:0:0:1 - - [27/May/2019:13:53:26 +0200] "GET /css/bootstrap.min.css.map HTTP/1.1" 404 157
0:0:0:0:0:0:0:1 - - [27/May/2019:13:53:28 +0200] "GET /employees/1/entries HTTP/1.1" 200 1962
0:0:0:0:0:0:0:1 - - [27/May/2019:13:53:28 +0200] "GET /css/bootstrap.min.css.map HTTP/1.1" 404 157
0:0:0:0:0:0:0:1 - - [27/May/2019:13:53:59 +0200] "GET /css/bootstrap.min.css.map HTTP/1.1" 404 157
0:0:0:0:0:0:0:1 - - [27/May/2019:13:54:01 +0200] "GET /employees/5/entries HTTP/1.1" 200 1987
0:0:0:0:0:0:0:1 - - [27/May/2019:13:54:02 +0200] "GET /css/bootstrap.min.css.map HTTP/1.1" 404 157
0:0:0:0:0:0:0:1 - - [27/May/2019:13:54:42 +0200] "GET /employees HTTP/1.1" 200 1583
0:0:0:0:0:0:0:1 - - [27/May/2019:13:55:48 +0200] "GET /employees HTTP/1.1" 200 1583
0:0:0:0:0:0:0:1 - - [27/May/2019:13:55:48 +0200] "GET /css/bootstrap.min.css.map HTTP/1.1" 404 157
